


ARM Macro Assembler    Page 1 


    1 00000000         ;******************** (C) COPYRIGHT 2014 STMicroelectron
                       ics ********************
    2 00000000         ;* File Name          : startup_stm32f072.s
    3 00000000         ;* Author             : MCD Application Team
    4 00000000         ;* Version            : V1.5.0
    5 00000000         ;* Date               : 05-December-2014
    6 00000000         ;* Description        : STM32F072 Devices vector table f
                       or
    7 00000000         ;*                      for MDK-ARM toolchain.
    8 00000000         ;*                      This module performs:
    9 00000000         ;*                      - Set the initial SP
   10 00000000         ;*                      - Set the initial PC == Reset_Ha
                       ndler
   11 00000000         ;*                      - Set the vector table entries w
                       ith the exceptions ISR address
   12 00000000         ;*                      - Configure the system clock
   13 00000000         ;*                      - Branches to __main in the C li
                       brary (which eventually
   14 00000000         ;*                        calls main()).
   15 00000000         ;*                      After Reset the CortexM0 process
                       or is in Thread mode,
   16 00000000         ;*                      priority is Privileged, and the 
                       Stack is set to Main.
   17 00000000         ;* <<< Use Configuration Wizard in Context Menu >>>   
   18 00000000         ;*******************************************************
                       ************************
   19 00000000         ;  @attention
   20 00000000         ; 
   21 00000000         ;  Licensed under MCD-ST Liberty SW License Agreement V2
                       , (the "License");
   22 00000000         ;  You may not use this file except in compliance with t
                       he License.
   23 00000000         ;  You may obtain a copy of the License at:
   24 00000000         ; 
   25 00000000         ;         http://www.st.com/software_license_agreement_l
                       iberty_v2
   26 00000000         ; 
   27 00000000         ;  Unless required by applicable law or agreed to in wri
                       ting, software 
   28 00000000         ;  distributed under the License is distributed on an "A
                       S IS" BASIS, 
   29 00000000         ;  WITHOUT WARRANTIES OR CONDITIONS OF ANY KIND, either 
                       express or implied.
   30 00000000         ;  See the License for the specific language governing p
                       ermissions and
   31 00000000         ;  limitations under the License.
   32 00000000         ; 
   33 00000000         ;*******************************************************
                       ************************
   34 00000000         ;
   35 00000000         ; Amount of memory (in bytes) allocated for Stack
   36 00000000         ; Tailor this value to your application needs
   37 00000000         ; <h> Stack Configuration
   38 00000000         ;   <o> Stack Size (in Bytes) <0x0-0xFFFFFFFF:8>
   39 00000000         ; </h>
   40 00000000         
   41 00000000 00000400 
                       Stack_Size
                               EQU              0x00000400



ARM Macro Assembler    Page 2 


   42 00000000         
   43 00000000                 AREA             STACK, NOINIT, READWRITE, ALIGN
=3
   44 00000000         Stack_Mem
                               SPACE            Stack_Size
   45 00000400         __initial_sp
   46 00000400         
   47 00000400         
   48 00000400         ; <h> Heap Configuration
   49 00000400         ;   <o>  Heap Size (in Bytes) <0x0-0xFFFFFFFF:8>
   50 00000400         ; </h>
   51 00000400         
   52 00000400 00000200 
                       Heap_Size
                               EQU              0x00000200
   53 00000400         
   54 00000400                 AREA             HEAP, NOINIT, READWRITE, ALIGN=
3
   55 00000000         __heap_base
   56 00000000         Heap_Mem
                               SPACE            Heap_Size
   57 00000200         __heap_limit
   58 00000200         
   59 00000200                 PRESERVE8
   60 00000200                 THUMB
   61 00000200         
   62 00000200         
   63 00000200         ; Vector Table Mapped to Address 0 at Reset
   64 00000200                 AREA             RESET, DATA, READONLY
   65 00000000                 EXPORT           __Vectors
   66 00000000                 EXPORT           __Vectors_End
   67 00000000                 EXPORT           __Vectors_Size
   68 00000000         
   69 00000000 00000000 
                       __Vectors
                               DCD              __initial_sp ; Top of Stack
   70 00000004 00000000        DCD              Reset_Handler ; Reset Handler
   71 00000008 00000000        DCD              NMI_Handler ; NMI Handler
   72 0000000C 00000000        DCD              HardFault_Handler ; Hard Fault 
                                                            Handler
   73 00000010 00000000        DCD              0           ; Reserved
   74 00000014 00000000        DCD              0           ; Reserved
   75 00000018 00000000        DCD              0           ; Reserved
   76 0000001C 00000000        DCD              0           ; Reserved
   77 00000020 00000000        DCD              0           ; Reserved
   78 00000024 00000000        DCD              0           ; Reserved
   79 00000028 00000000        DCD              0           ; Reserved
   80 0000002C 00000000        DCD              SVC_Handler ; SVCall Handler
   81 00000030 00000000        DCD              0           ; Reserved
   82 00000034 00000000        DCD              0           ; Reserved
   83 00000038 00000000        DCD              PendSV_Handler ; PendSV Handler
                                                            
   84 0000003C 00000000        DCD              SysTick_Handler 
                                                            ; SysTick Handler
   85 00000040         
   86 00000040         ; External Interrupts
   87 00000040 00000000        DCD              WWDG_IRQHandler 
                                                            ; Window Watchdog
   88 00000044 00000000        DCD              PVD_VDDIO2_IRQHandler ; PVD and



ARM Macro Assembler    Page 3 


                                                             VDDIO2 through EXT
                                                            I Line detect
   89 00000048 00000000        DCD              RTC_IRQHandler ; RTC through EX
                                                            TI Line
   90 0000004C 00000000        DCD              FLASH_IRQHandler ; FLASH
   91 00000050 00000000        DCD              RCC_CRS_IRQHandler 
                                                            ; RCC and CRS
   92 00000054 00000000        DCD              EXTI0_1_IRQHandler 
                                                            ; EXTI Line 0 and 1
                                                            
   93 00000058 00000000        DCD              EXTI2_3_IRQHandler 
                                                            ; EXTI Line 2 and 3
                                                            
   94 0000005C 00000000        DCD              EXTI4_15_IRQHandler 
                                                            ; EXTI Line 4 to 15
                                                            
   95 00000060 00000000        DCD              TSC_IRQHandler ; TS
   96 00000064 00000000        DCD              DMA1_Channel1_IRQHandler 
                                                            ; DMA1 Channel 1
   97 00000068 00000000        DCD              DMA1_Channel2_3_IRQHandler ; DM
                                                            A1 Channel 2 and Ch
                                                            annel 3
   98 0000006C 00000000        DCD              DMA1_Channel4_5_6_7_IRQHandler 
                                                            ; DMA1 Channel 4, C
                                                            hannel 5, Channel 6
                                                             and Channel 7
   99 00000070 00000000        DCD              ADC1_COMP_IRQHandler ; ADC1, CO
                                                            MP1 and COMP2 
  100 00000074 00000000        DCD              TIM1_BRK_UP_TRG_COM_IRQHandler 
                                                            ; TIM1 Break, Updat
                                                            e, Trigger and Comm
                                                            utation
  101 00000078 00000000        DCD              TIM1_CC_IRQHandler ; TIM1 Captu
                                                            re Compare
  102 0000007C 00000000        DCD              TIM2_IRQHandler ; TIM2
  103 00000080 00000000        DCD              TIM3_IRQHandler ; TIM3
  104 00000084 00000000        DCD              TIM6_DAC_IRQHandler 
                                                            ; TIM6 and DAC
  105 00000088 00000000        DCD              TIM7_IRQHandler ; TIM7
  106 0000008C 00000000        DCD              TIM14_IRQHandler ; TIM14
  107 00000090 00000000        DCD              TIM15_IRQHandler ; TIM15
  108 00000094 00000000        DCD              TIM16_IRQHandler ; TIM16
  109 00000098 00000000        DCD              TIM17_IRQHandler ; TIM17
  110 0000009C 00000000        DCD              I2C1_IRQHandler ; I2C1
  111 000000A0 00000000        DCD              I2C2_IRQHandler ; I2C2
  112 000000A4 00000000        DCD              SPI1_IRQHandler ; SPI1
  113 000000A8 00000000        DCD              SPI2_IRQHandler ; SPI2
  114 000000AC 00000000        DCD              USART1_IRQHandler ; USART1
  115 000000B0 00000000        DCD              USART2_IRQHandler ; USART2
  116 000000B4 00000000        DCD              USART3_4_IRQHandler 
                                                            ; USART3 and USART4
                                                            
  117 000000B8 00000000        DCD              CEC_CAN_IRQHandler 
                                                            ; CEC and CAN
  118 000000BC 00000000        DCD              USB_IRQHandler ; USB
  119 000000C0         
  120 000000C0         __Vectors_End
  121 000000C0         
  122 000000C0 000000C0 



ARM Macro Assembler    Page 4 


                       __Vectors_Size
                               EQU              __Vectors_End - __Vectors
  123 000000C0         
  124 000000C0                 AREA             |.text|, CODE, READONLY
  125 00000000         
  126 00000000         ; Reset handler routine
  127 00000000         Reset_Handler
                               PROC
  128 00000000                 EXPORT           Reset_Handler                 [
WEAK]
  129 00000000                 IMPORT           __main
  130 00000000                 IMPORT           SystemInit
  131 00000000         
  132 00000000         
  133 00000000         
  134 00000000 480C            LDR              R0, =__initial_sp ; set stack p
                                                            ointer 
  135 00000002 F380 8808       MSR              MSP, R0
  136 00000006         
  137 00000006         ;;Check if boot space corresponds to test memory 
  138 00000006         
  139 00000006 480C            LDR              R0,=0x00000004
  140 00000008 6801            LDR              R1, [R0]
  141 0000000A 0E09            LSRS             R1, R1, #24
  142 0000000C 4A0B            LDR              R2,=0x1F
  143 0000000E 4291            CMP              R1, R2
  144 00000010         
  145 00000010 D105            BNE              ApplicationStart
  146 00000012         
  147 00000012         ;; SYSCFG clock enable    
  148 00000012         
  149 00000012 480B            LDR              R0,=0x40021018
  150 00000014 490B            LDR              R1,=0x00000001
  151 00000016 6001            STR              R1, [R0]
  152 00000018         
  153 00000018         ;; Set CFGR1 register with flash memory remap at address
                        0
  154 00000018         
  155 00000018 480B            LDR              R0,=0x40010000
  156 0000001A 490C            LDR              R1,=0x00000000
  157 0000001C 6001            STR              R1, [R0]
  158 0000001E         ApplicationStart
  159 0000001E 480C            LDR              R0, =SystemInit
  160 00000020 4780            BLX              R0
  161 00000022 480C            LDR              R0, =__main
  162 00000024 4700            BX               R0
  163 00000026                 ENDP
  164 00000026         
  165 00000026         ; Dummy Exception Handlers (infinite loops which can be 
                       modified)
  166 00000026         
  167 00000026         NMI_Handler
                               PROC
  168 00000026                 EXPORT           NMI_Handler                    
[WEAK]
  169 00000026 E7FE            B                .
  170 00000028                 ENDP
  172 00000028         HardFault_Handler
                               PROC



ARM Macro Assembler    Page 5 


  173 00000028                 EXPORT           HardFault_Handler              
[WEAK]
  174 00000028 E7FE            B                .
  175 0000002A                 ENDP
  176 0000002A         SVC_Handler
                               PROC
  177 0000002A                 EXPORT           SVC_Handler                    
[WEAK]
  178 0000002A E7FE            B                .
  179 0000002C                 ENDP
  180 0000002C         PendSV_Handler
                               PROC
  181 0000002C                 EXPORT           PendSV_Handler                 
[WEAK]
  182 0000002C E7FE            B                .
  183 0000002E                 ENDP
  184 0000002E         SysTick_Handler
                               PROC
  185 0000002E                 EXPORT           SysTick_Handler                
[WEAK]
  186 0000002E E7FE            B                .
  187 00000030                 ENDP
  188 00000030         
  189 00000030         Default_Handler
                               PROC
  190 00000030         
  191 00000030                 EXPORT           WWDG_IRQHandler                
[WEAK]
  192 00000030                 EXPORT           PVD_VDDIO2_IRQHandler          
[WEAK]
  193 00000030                 EXPORT           RTC_IRQHandler                 
[WEAK]
  194 00000030                 EXPORT           FLASH_IRQHandler               
[WEAK]
  195 00000030                 EXPORT           RCC_CRS_IRQHandler             
[WEAK]
  196 00000030                 EXPORT           EXTI0_1_IRQHandler             
[WEAK]
  197 00000030                 EXPORT           EXTI2_3_IRQHandler             
[WEAK]
  198 00000030                 EXPORT           EXTI4_15_IRQHandler            
[WEAK]
  199 00000030                 EXPORT           TSC_IRQHandler                 
 [WEAK]
  200 00000030                 EXPORT           DMA1_Channel1_IRQHandler       
[WEAK]
  201 00000030                 EXPORT           DMA1_Channel2_3_IRQHandler     
[WEAK]
  202 00000030                 EXPORT           DMA1_Channel4_5_6_7_IRQHandler 
[WEAK]
  203 00000030                 EXPORT           ADC1_COMP_IRQHandler           
[WEAK]
  204 00000030                 EXPORT           TIM1_BRK_UP_TRG_COM_IRQHandler 
[WEAK]
  205 00000030                 EXPORT           TIM1_CC_IRQHandler             
[WEAK]
  206 00000030                 EXPORT           TIM2_IRQHandler                
[WEAK]
  207 00000030                 EXPORT           TIM3_IRQHandler                



ARM Macro Assembler    Page 6 


[WEAK]
  208 00000030                 EXPORT           TIM6_DAC_IRQHandler            
[WEAK]
  209 00000030                 EXPORT           TIM7_IRQHandler                
[WEAK]
  210 00000030                 EXPORT           TIM14_IRQHandler               
[WEAK]
  211 00000030                 EXPORT           TIM15_IRQHandler               
[WEAK]
  212 00000030                 EXPORT           TIM16_IRQHandler               
[WEAK]
  213 00000030                 EXPORT           TIM17_IRQHandler               
[WEAK]
  214 00000030                 EXPORT           I2C1_IRQHandler                
[WEAK]
  215 00000030                 EXPORT           I2C2_IRQHandler                
[WEAK]
  216 00000030                 EXPORT           SPI1_IRQHandler                
[WEAK]
  217 00000030                 EXPORT           SPI2_IRQHandler                
[WEAK]
  218 00000030                 EXPORT           USART1_IRQHandler              
[WEAK]
  219 00000030                 EXPORT           USART2_IRQHandler              
[WEAK]
  220 00000030                 EXPORT           USART3_4_IRQHandler            
[WEAK]
  221 00000030                 EXPORT           CEC_CAN_IRQHandler             
[WEAK]
  222 00000030                 EXPORT           USB_IRQHandler                 
[WEAK]
  223 00000030         
  224 00000030         
  225 00000030         WWDG_IRQHandler
  226 00000030         PVD_VDDIO2_IRQHandler
  227 00000030         RTC_IRQHandler
  228 00000030         FLASH_IRQHandler
  229 00000030         RCC_CRS_IRQHandler
  230 00000030         EXTI0_1_IRQHandler
  231 00000030         EXTI2_3_IRQHandler
  232 00000030         EXTI4_15_IRQHandler
  233 00000030         TSC_IRQHandler
  234 00000030         DMA1_Channel1_IRQHandler
  235 00000030         DMA1_Channel2_3_IRQHandler
  236 00000030         DMA1_Channel4_5_6_7_IRQHandler
  237 00000030         ADC1_COMP_IRQHandler
  238 00000030         TIM1_BRK_UP_TRG_COM_IRQHandler
  239 00000030         TIM1_CC_IRQHandler
  240 00000030         TIM2_IRQHandler
  241 00000030         TIM3_IRQHandler
  242 00000030         TIM6_DAC_IRQHandler
  243 00000030         TIM7_IRQHandler
  244 00000030         TIM14_IRQHandler
  245 00000030         TIM15_IRQHandler
  246 00000030         TIM16_IRQHandler
  247 00000030         TIM17_IRQHandler
  248 00000030         I2C1_IRQHandler
  249 00000030         I2C2_IRQHandler
  250 00000030         SPI1_IRQHandler



ARM Macro Assembler    Page 7 


  251 00000030         SPI2_IRQHandler
  252 00000030         USART1_IRQHandler
  253 00000030         USART2_IRQHandler
  254 00000030         USART3_4_IRQHandler
  255 00000030         CEC_CAN_IRQHandler
  256 00000030         USB_IRQHandler
  257 00000030         
  258 00000030 E7FE            B                .
  259 00000032         
  260 00000032                 ENDP
  261 00000032         
  262 00000032 00 00           ALIGN
  263 00000034         
  264 00000034         ;*******************************************************
                       ************************
  265 00000034         ; User Stack and Heap initialization
  266 00000034         ;*******************************************************
                       ************************
  267 00000034                 IF               :DEF:__MICROLIB
  268 00000034         
  269 00000034                 EXPORT           __initial_sp
  270 00000034                 EXPORT           __heap_base
  271 00000034                 EXPORT           __heap_limit
  272 00000034         
  273 00000034                 ELSE
  288                          ENDIF
  289 00000034         
  290 00000034                 END
              00000000 
              00000004 
              0000001F 
              40021018 
              00000001 
              40010000 
              00000000 
              00000000 
              00000000 
Command Line: --debug --xref --diag_suppress=9931 --cpu=Cortex-M0 --apcs=interw
ork --depend=.\objects\startup_stm32f072.d -o.\objects\startup_stm32f072.o -I.\
RTE\_Target_1 -IF:\Programs\Development\keil5\ARM\PACK\ARM\CMSIS\5.0.1\CMSIS\In
clude -IF:\Programs\Development\keil5\ARM\PACK\ARM\CMSIS\5.0.1\CMSIS\RTOS\RTX\I
NC -IF:\Programs\Development\keil5\ARM\PACK\Keil\STM32F0xx_DFP\1.4.0\Device\Inc
lude --predefine="__RTX SETA 1" --predefine="__MICROLIB SETA 1" --predefine="__
UVISION_VERSION SETA 524" --predefine="_RTE_ SETA 1" --predefine="STM32F072 SET
A 1" --list=.\listings\startup_stm32f072.lst RTE\Device\STM32F072C8\startup_stm
32f072.s



ARM Macro Assembler    Page 1 Alphabetic symbol ordering
Relocatable symbols

STACK 00000000

Symbol: STACK
   Definitions
      At line 43 in file RTE\Device\STM32F072C8\startup_stm32f072.s
   Uses
      None
Comment: STACK unused
Stack_Mem 00000000

Symbol: Stack_Mem
   Definitions
      At line 44 in file RTE\Device\STM32F072C8\startup_stm32f072.s
   Uses
      None
Comment: Stack_Mem unused
__initial_sp 00000400

Symbol: __initial_sp
   Definitions
      At line 45 in file RTE\Device\STM32F072C8\startup_stm32f072.s
   Uses
      At line 69 in file RTE\Device\STM32F072C8\startup_stm32f072.s
      At line 134 in file RTE\Device\STM32F072C8\startup_stm32f072.s
      At line 269 in file RTE\Device\STM32F072C8\startup_stm32f072.s

3 symbols



ARM Macro Assembler    Page 1 Alphabetic symbol ordering
Relocatable symbols

HEAP 00000000

Symbol: HEAP
   Definitions
      At line 54 in file RTE\Device\STM32F072C8\startup_stm32f072.s
   Uses
      None
Comment: HEAP unused
Heap_Mem 00000000

Symbol: Heap_Mem
   Definitions
      At line 56 in file RTE\Device\STM32F072C8\startup_stm32f072.s
   Uses
      None
Comment: Heap_Mem unused
__heap_base 00000000

Symbol: __heap_base
   Definitions
      At line 55 in file RTE\Device\STM32F072C8\startup_stm32f072.s
   Uses
      At line 270 in file RTE\Device\STM32F072C8\startup_stm32f072.s
Comment: __heap_base used once
__heap_limit 00000200

Symbol: __heap_limit
   Definitions
      At line 57 in file RTE\Device\STM32F072C8\startup_stm32f072.s
   Uses
      At line 271 in file RTE\Device\STM32F072C8\startup_stm32f072.s
Comment: __heap_limit used once
4 symbols



ARM Macro Assembler    Page 1 Alphabetic symbol ordering
Relocatable symbols

RESET 00000000

Symbol: RESET
   Definitions
      At line 64 in file RTE\Device\STM32F072C8\startup_stm32f072.s
   Uses
      None
Comment: RESET unused
__Vectors 00000000

Symbol: __Vectors
   Definitions
      At line 69 in file RTE\Device\STM32F072C8\startup_stm32f072.s
   Uses
      At line 65 in file RTE\Device\STM32F072C8\startup_stm32f072.s
      At line 122 in file RTE\Device\STM32F072C8\startup_stm32f072.s

__Vectors_End 000000C0

Symbol: __Vectors_End
   Definitions
      At line 120 in file RTE\Device\STM32F072C8\startup_stm32f072.s
   Uses
      At line 66 in file RTE\Device\STM32F072C8\startup_stm32f072.s
      At line 122 in file RTE\Device\STM32F072C8\startup_stm32f072.s

3 symbols



ARM Macro Assembler    Page 1 Alphabetic symbol ordering
Relocatable symbols

.text 00000000

Symbol: .text
   Definitions
      At line 124 in file RTE\Device\STM32F072C8\startup_stm32f072.s
   Uses
      None
Comment: .text unused
ADC1_COMP_IRQHandler 00000030

Symbol: ADC1_COMP_IRQHandler
   Definitions
      At line 237 in file RTE\Device\STM32F072C8\startup_stm32f072.s
   Uses
      At line 99 in file RTE\Device\STM32F072C8\startup_stm32f072.s
      At line 203 in file RTE\Device\STM32F072C8\startup_stm32f072.s

ApplicationStart 0000001E

Symbol: ApplicationStart
   Definitions
      At line 158 in file RTE\Device\STM32F072C8\startup_stm32f072.s
   Uses
      At line 145 in file RTE\Device\STM32F072C8\startup_stm32f072.s
Comment: ApplicationStart used once
CEC_CAN_IRQHandler 00000030

Symbol: CEC_CAN_IRQHandler
   Definitions
      At line 255 in file RTE\Device\STM32F072C8\startup_stm32f072.s
   Uses
      At line 117 in file RTE\Device\STM32F072C8\startup_stm32f072.s
      At line 221 in file RTE\Device\STM32F072C8\startup_stm32f072.s

DMA1_Channel1_IRQHandler 00000030

Symbol: DMA1_Channel1_IRQHandler
   Definitions
      At line 234 in file RTE\Device\STM32F072C8\startup_stm32f072.s
   Uses
      At line 96 in file RTE\Device\STM32F072C8\startup_stm32f072.s
      At line 200 in file RTE\Device\STM32F072C8\startup_stm32f072.s

DMA1_Channel2_3_IRQHandler 00000030

Symbol: DMA1_Channel2_3_IRQHandler
   Definitions
      At line 235 in file RTE\Device\STM32F072C8\startup_stm32f072.s
   Uses
      At line 97 in file RTE\Device\STM32F072C8\startup_stm32f072.s
      At line 201 in file RTE\Device\STM32F072C8\startup_stm32f072.s

DMA1_Channel4_5_6_7_IRQHandler 00000030

Symbol: DMA1_Channel4_5_6_7_IRQHandler
   Definitions
      At line 236 in file RTE\Device\STM32F072C8\startup_stm32f072.s
   Uses
      At line 98 in file RTE\Device\STM32F072C8\startup_stm32f072.s



ARM Macro Assembler    Page 2 Alphabetic symbol ordering
Relocatable symbols

      At line 202 in file RTE\Device\STM32F072C8\startup_stm32f072.s

Default_Handler 00000030

Symbol: Default_Handler
   Definitions
      At line 189 in file RTE\Device\STM32F072C8\startup_stm32f072.s
   Uses
      None
Comment: Default_Handler unused
EXTI0_1_IRQHandler 00000030

Symbol: EXTI0_1_IRQHandler
   Definitions
      At line 230 in file RTE\Device\STM32F072C8\startup_stm32f072.s
   Uses
      At line 92 in file RTE\Device\STM32F072C8\startup_stm32f072.s
      At line 196 in file RTE\Device\STM32F072C8\startup_stm32f072.s

EXTI2_3_IRQHandler 00000030

Symbol: EXTI2_3_IRQHandler
   Definitions
      At line 231 in file RTE\Device\STM32F072C8\startup_stm32f072.s
   Uses
      At line 93 in file RTE\Device\STM32F072C8\startup_stm32f072.s
      At line 197 in file RTE\Device\STM32F072C8\startup_stm32f072.s

EXTI4_15_IRQHandler 00000030

Symbol: EXTI4_15_IRQHandler
   Definitions
      At line 232 in file RTE\Device\STM32F072C8\startup_stm32f072.s
   Uses
      At line 94 in file RTE\Device\STM32F072C8\startup_stm32f072.s
      At line 198 in file RTE\Device\STM32F072C8\startup_stm32f072.s

FLASH_IRQHandler 00000030

Symbol: FLASH_IRQHandler
   Definitions
      At line 228 in file RTE\Device\STM32F072C8\startup_stm32f072.s
   Uses
      At line 90 in file RTE\Device\STM32F072C8\startup_stm32f072.s
      At line 194 in file RTE\Device\STM32F072C8\startup_stm32f072.s

HardFault_Handler 00000028

Symbol: HardFault_Handler
   Definitions
      At line 172 in file RTE\Device\STM32F072C8\startup_stm32f072.s
   Uses
      At line 72 in file RTE\Device\STM32F072C8\startup_stm32f072.s
      At line 173 in file RTE\Device\STM32F072C8\startup_stm32f072.s

I2C1_IRQHandler 00000030

Symbol: I2C1_IRQHandler
   Definitions



ARM Macro Assembler    Page 3 Alphabetic symbol ordering
Relocatable symbols

      At line 248 in file RTE\Device\STM32F072C8\startup_stm32f072.s
   Uses
      At line 110 in file RTE\Device\STM32F072C8\startup_stm32f072.s
      At line 214 in file RTE\Device\STM32F072C8\startup_stm32f072.s

I2C2_IRQHandler 00000030

Symbol: I2C2_IRQHandler
   Definitions
      At line 249 in file RTE\Device\STM32F072C8\startup_stm32f072.s
   Uses
      At line 111 in file RTE\Device\STM32F072C8\startup_stm32f072.s
      At line 215 in file RTE\Device\STM32F072C8\startup_stm32f072.s

NMI_Handler 00000026

Symbol: NMI_Handler
   Definitions
      At line 167 in file RTE\Device\STM32F072C8\startup_stm32f072.s
   Uses
      At line 71 in file RTE\Device\STM32F072C8\startup_stm32f072.s
      At line 168 in file RTE\Device\STM32F072C8\startup_stm32f072.s

PVD_VDDIO2_IRQHandler 00000030

Symbol: PVD_VDDIO2_IRQHandler
   Definitions
      At line 226 in file RTE\Device\STM32F072C8\startup_stm32f072.s
   Uses
      At line 88 in file RTE\Device\STM32F072C8\startup_stm32f072.s
      At line 192 in file RTE\Device\STM32F072C8\startup_stm32f072.s

PendSV_Handler 0000002C

Symbol: PendSV_Handler
   Definitions
      At line 180 in file RTE\Device\STM32F072C8\startup_stm32f072.s
   Uses
      At line 83 in file RTE\Device\STM32F072C8\startup_stm32f072.s
      At line 181 in file RTE\Device\STM32F072C8\startup_stm32f072.s

RCC_CRS_IRQHandler 00000030

Symbol: RCC_CRS_IRQHandler
   Definitions
      At line 229 in file RTE\Device\STM32F072C8\startup_stm32f072.s
   Uses
      At line 91 in file RTE\Device\STM32F072C8\startup_stm32f072.s
      At line 195 in file RTE\Device\STM32F072C8\startup_stm32f072.s

RTC_IRQHandler 00000030

Symbol: RTC_IRQHandler
   Definitions
      At line 227 in file RTE\Device\STM32F072C8\startup_stm32f072.s
   Uses
      At line 89 in file RTE\Device\STM32F072C8\startup_stm32f072.s
      At line 193 in file RTE\Device\STM32F072C8\startup_stm32f072.s




ARM Macro Assembler    Page 4 Alphabetic symbol ordering
Relocatable symbols

Reset_Handler 00000000

Symbol: Reset_Handler
   Definitions
      At line 127 in file RTE\Device\STM32F072C8\startup_stm32f072.s
   Uses
      At line 70 in file RTE\Device\STM32F072C8\startup_stm32f072.s
      At line 128 in file RTE\Device\STM32F072C8\startup_stm32f072.s

SPI1_IRQHandler 00000030

Symbol: SPI1_IRQHandler
   Definitions
      At line 250 in file RTE\Device\STM32F072C8\startup_stm32f072.s
   Uses
      At line 112 in file RTE\Device\STM32F072C8\startup_stm32f072.s
      At line 216 in file RTE\Device\STM32F072C8\startup_stm32f072.s

SPI2_IRQHandler 00000030

Symbol: SPI2_IRQHandler
   Definitions
      At line 251 in file RTE\Device\STM32F072C8\startup_stm32f072.s
   Uses
      At line 113 in file RTE\Device\STM32F072C8\startup_stm32f072.s
      At line 217 in file RTE\Device\STM32F072C8\startup_stm32f072.s

SVC_Handler 0000002A

Symbol: SVC_Handler
   Definitions
      At line 176 in file RTE\Device\STM32F072C8\startup_stm32f072.s
   Uses
      At line 80 in file RTE\Device\STM32F072C8\startup_stm32f072.s
      At line 177 in file RTE\Device\STM32F072C8\startup_stm32f072.s

SysTick_Handler 0000002E

Symbol: SysTick_Handler
   Definitions
      At line 184 in file RTE\Device\STM32F072C8\startup_stm32f072.s
   Uses
      At line 84 in file RTE\Device\STM32F072C8\startup_stm32f072.s
      At line 185 in file RTE\Device\STM32F072C8\startup_stm32f072.s

TIM14_IRQHandler 00000030

Symbol: TIM14_IRQHandler
   Definitions
      At line 244 in file RTE\Device\STM32F072C8\startup_stm32f072.s
   Uses
      At line 106 in file RTE\Device\STM32F072C8\startup_stm32f072.s
      At line 210 in file RTE\Device\STM32F072C8\startup_stm32f072.s

TIM15_IRQHandler 00000030

Symbol: TIM15_IRQHandler
   Definitions
      At line 245 in file RTE\Device\STM32F072C8\startup_stm32f072.s



ARM Macro Assembler    Page 5 Alphabetic symbol ordering
Relocatable symbols

   Uses
      At line 107 in file RTE\Device\STM32F072C8\startup_stm32f072.s
      At line 211 in file RTE\Device\STM32F072C8\startup_stm32f072.s

TIM16_IRQHandler 00000030

Symbol: TIM16_IRQHandler
   Definitions
      At line 246 in file RTE\Device\STM32F072C8\startup_stm32f072.s
   Uses
      At line 108 in file RTE\Device\STM32F072C8\startup_stm32f072.s
      At line 212 in file RTE\Device\STM32F072C8\startup_stm32f072.s

TIM17_IRQHandler 00000030

Symbol: TIM17_IRQHandler
   Definitions
      At line 247 in file RTE\Device\STM32F072C8\startup_stm32f072.s
   Uses
      At line 109 in file RTE\Device\STM32F072C8\startup_stm32f072.s
      At line 213 in file RTE\Device\STM32F072C8\startup_stm32f072.s

TIM1_BRK_UP_TRG_COM_IRQHandler 00000030

Symbol: TIM1_BRK_UP_TRG_COM_IRQHandler
   Definitions
      At line 238 in file RTE\Device\STM32F072C8\startup_stm32f072.s
   Uses
      At line 100 in file RTE\Device\STM32F072C8\startup_stm32f072.s
      At line 204 in file RTE\Device\STM32F072C8\startup_stm32f072.s

TIM1_CC_IRQHandler 00000030

Symbol: TIM1_CC_IRQHandler
   Definitions
      At line 239 in file RTE\Device\STM32F072C8\startup_stm32f072.s
   Uses
      At line 101 in file RTE\Device\STM32F072C8\startup_stm32f072.s
      At line 205 in file RTE\Device\STM32F072C8\startup_stm32f072.s

TIM2_IRQHandler 00000030

Symbol: TIM2_IRQHandler
   Definitions
      At line 240 in file RTE\Device\STM32F072C8\startup_stm32f072.s
   Uses
      At line 102 in file RTE\Device\STM32F072C8\startup_stm32f072.s
      At line 206 in file RTE\Device\STM32F072C8\startup_stm32f072.s

TIM3_IRQHandler 00000030

Symbol: TIM3_IRQHandler
   Definitions
      At line 241 in file RTE\Device\STM32F072C8\startup_stm32f072.s
   Uses
      At line 103 in file RTE\Device\STM32F072C8\startup_stm32f072.s
      At line 207 in file RTE\Device\STM32F072C8\startup_stm32f072.s

TIM6_DAC_IRQHandler 00000030



ARM Macro Assembler    Page 6 Alphabetic symbol ordering
Relocatable symbols


Symbol: TIM6_DAC_IRQHandler
   Definitions
      At line 242 in file RTE\Device\STM32F072C8\startup_stm32f072.s
   Uses
      At line 104 in file RTE\Device\STM32F072C8\startup_stm32f072.s
      At line 208 in file RTE\Device\STM32F072C8\startup_stm32f072.s

TIM7_IRQHandler 00000030

Symbol: TIM7_IRQHandler
   Definitions
      At line 243 in file RTE\Device\STM32F072C8\startup_stm32f072.s
   Uses
      At line 105 in file RTE\Device\STM32F072C8\startup_stm32f072.s
      At line 209 in file RTE\Device\STM32F072C8\startup_stm32f072.s

TSC_IRQHandler 00000030

Symbol: TSC_IRQHandler
   Definitions
      At line 233 in file RTE\Device\STM32F072C8\startup_stm32f072.s
   Uses
      At line 95 in file RTE\Device\STM32F072C8\startup_stm32f072.s
      At line 199 in file RTE\Device\STM32F072C8\startup_stm32f072.s

USART1_IRQHandler 00000030

Symbol: USART1_IRQHandler
   Definitions
      At line 252 in file RTE\Device\STM32F072C8\startup_stm32f072.s
   Uses
      At line 114 in file RTE\Device\STM32F072C8\startup_stm32f072.s
      At line 218 in file RTE\Device\STM32F072C8\startup_stm32f072.s

USART2_IRQHandler 00000030

Symbol: USART2_IRQHandler
   Definitions
      At line 253 in file RTE\Device\STM32F072C8\startup_stm32f072.s
   Uses
      At line 115 in file RTE\Device\STM32F072C8\startup_stm32f072.s
      At line 219 in file RTE\Device\STM32F072C8\startup_stm32f072.s

USART3_4_IRQHandler 00000030

Symbol: USART3_4_IRQHandler
   Definitions
      At line 254 in file RTE\Device\STM32F072C8\startup_stm32f072.s
   Uses
      At line 116 in file RTE\Device\STM32F072C8\startup_stm32f072.s
      At line 220 in file RTE\Device\STM32F072C8\startup_stm32f072.s

USB_IRQHandler 00000030

Symbol: USB_IRQHandler
   Definitions
      At line 256 in file RTE\Device\STM32F072C8\startup_stm32f072.s
   Uses



ARM Macro Assembler    Page 7 Alphabetic symbol ordering
Relocatable symbols

      At line 118 in file RTE\Device\STM32F072C8\startup_stm32f072.s
      At line 222 in file RTE\Device\STM32F072C8\startup_stm32f072.s

WWDG_IRQHandler 00000030

Symbol: WWDG_IRQHandler
   Definitions
      At line 225 in file RTE\Device\STM32F072C8\startup_stm32f072.s
   Uses
      At line 87 in file RTE\Device\STM32F072C8\startup_stm32f072.s
      At line 191 in file RTE\Device\STM32F072C8\startup_stm32f072.s

41 symbols



ARM Macro Assembler    Page 1 Alphabetic symbol ordering
Absolute symbols

Heap_Size 00000200

Symbol: Heap_Size
   Definitions
      At line 52 in file RTE\Device\STM32F072C8\startup_stm32f072.s
   Uses
      At line 56 in file RTE\Device\STM32F072C8\startup_stm32f072.s
Comment: Heap_Size used once
Stack_Size 00000400

Symbol: Stack_Size
   Definitions
      At line 41 in file RTE\Device\STM32F072C8\startup_stm32f072.s
   Uses
      At line 44 in file RTE\Device\STM32F072C8\startup_stm32f072.s
Comment: Stack_Size used once
__Vectors_Size 000000C0

Symbol: __Vectors_Size
   Definitions
      At line 122 in file RTE\Device\STM32F072C8\startup_stm32f072.s
   Uses
      At line 67 in file RTE\Device\STM32F072C8\startup_stm32f072.s
Comment: __Vectors_Size used once
3 symbols



ARM Macro Assembler    Page 1 Alphabetic symbol ordering
External symbols

SystemInit 00000000

Symbol: SystemInit
   Definitions
      At line 130 in file RTE\Device\STM32F072C8\startup_stm32f072.s
   Uses
      At line 159 in file RTE\Device\STM32F072C8\startup_stm32f072.s
Comment: SystemInit used once
__main 00000000

Symbol: __main
   Definitions
      At line 129 in file RTE\Device\STM32F072C8\startup_stm32f072.s
   Uses
      At line 161 in file RTE\Device\STM32F072C8\startup_stm32f072.s
Comment: __main used once
2 symbols
393 symbols in table
